Info) VMD for LINUXAMD64, version 1.9.4a57 (April 27, 2022)
Info) http://www.ks.uiuc.edu/Research/vmd/                         
Info) Email questions and bug reports to vmd@ks.uiuc.edu           
Info) Please include this reference in published work using VMD:   
Info)    Humphrey, W., Dalke, A. and Schulten, K., `VMD - Visual   
Info)    Molecular Dynamics', J. Molec. Graphics 1996, 14.1, 33-38.
Info) -------------------------------------------------------------
Info) Multithreading available, 8 CPUs.
Info)   CPU features: SSE2 SSE4.1 AVX AVX2 FMA F16 HT 
Info) Free system memory: 11GB (73%)
Info) Creating CUDA device pool and initializing hardware...
Info) Detected 1 available CUDA accelerator::
Info) [0] NVIDIA GeForce MX250  3 SM_6.1 1.6 GHz, 1.9GB RAM SP32 KT AE2 ZC
Info) Detected 1 available TachyonL/OptiX ray tracing accelerator
Info)   Compiling  OptiX shaders on 1 target GPU...
Info) Dynamically loaded 3 plugins in directory:
Info) /usr/local/lib/vmd/plugins/LINUXAMD64/molfile
2.0
1.7
1.5
proteins/2lyz.pdb
input pdb: proteins/2lyz.pdb
Info) Using plugin pdb for structure file proteins/2lyz.pdb
Info) Using plugin pdb for coordinates from file proteins/2lyz.pdb
Info) Determining bond structure from distance search ...
Info) Eliminating bonds duplicated from existing structure...
Info) Analyzing structure ...
Info)    Atoms: 1102
Info)    Bonds: 1037
Info)    Angles: 0  Dihedrals: 0  Impropers: 0  Cross-terms: 0
Info)    Bondtypes: 0  Angletypes: 0  Dihedraltypes: 0  Impropertypes: 0
Info)    Residues: 230
Info)    Waters: 101
Warning) Unusual bond between residues:  101 (protein) and 228 (waters)
Warning) Unusual bond between residues:  101 (protein) and 227 (waters)
Warning) Unusual bond between residues:  121 (protein) and 144 (waters)
Warning) Unusual bond between residues:  121 (protein) and 143 (waters)
Warning) Unusual bond between residues:  121 (protein) and 143 (waters)
Info)    Segments: 1
Info)    Fragments: 98   Protein: 1   Nucleic: 0
Info) Finished with coordinate file proteins/2lyz.pdb.
0
loaded input protein successfully
atomselect0
Info) Opened coordinate file proteins/protein.pdb for writing.
Info) Finished with coordinate file proteins/protein.pdb.
Info) Using plugin pdb for structure file proteins/protein.pdb
Info) Using plugin pdb for coordinates from file proteins/protein.pdb
Info) Determining bond structure from distance search ...
Info) Analyzing structure ...
Info)    Atoms: 1001
Info)    Bonds: 1032
Info)    Angles: 0  Dihedrals: 0  Impropers: 0  Cross-terms: 0
Info)    Bondtypes: 0  Angletypes: 0  Dihedraltypes: 0  Impropertypes: 0
Info)    Residues: 129
Info)    Waters: 0
Info)    Segments: 1
Info)    Fragments: 1   Protein: 1   Nucleic: 0
Info) Finished with coordinate file proteins/protein.pdb.
1
new protein loaded
psfgen) reading topology file top_all27_prot_lipid.inp

psfgen) >>>>>> Combined CHARMM All-Hydrogen Topology File for <<<<<<<<<
psfgen) >>>>>>>>> CHARMM22 Proteins and CHARMM27 Lipids <<<<<<<<<<
psfgen) from
psfgen) >>>>>>>>CHARMM22 All-Hydrogen Topology File for Proteins <<<<<<
psfgen) >>>>>>>>>>>>>>>>>>>>> August 1999 <<<<<<<<<<<<<<<<<<<<<<<<<<<<<
psfgen) >>>>>>> Direct comments to Alexander D. MacKerell Jr. <<<<<<<<<
psfgen) >>>>>> 410-706-7442 or email: alex,mmiris.ab.umd.edu  <<<<<<<<<
psfgen) and
psfgen)   \\\\\\\ CHARMM27 All-Hydrogen Lipid Topology File ///////
psfgen)   \\\\\\\\\\\\\\\\\\ Developmental /////////////////////////
psfgen)               Alexander D. MacKerell Jr.
psfgen)                      August 1999
psfgen)  All comments to ADM jr.  email: alex,mmiris.ab.umd.edu
psfgen)               telephone: 410-706-7442
psfgen) 
psfgen) Created by CHARMM version 27 1
psfgen) aliasing residue HIS to HSE
psfgen) aliasing residue ILE atom CD1 to CD
psfgen) building segment U
psfgen) reading residues from pdb file proteins/protein.pdb
psfgen) extracted 129 residues from pdb file
Info: generating structure...
psfgen) Info: skipping improper N-C-CA-HN at beginning of segment.
psfgen) Info: skipping conformation C-N-CA-C at beginning of segment.
psfgen) Info: skipping conformation C-CA-N-HN at beginning of segment.
psfgen) Info: skipping bond C-N at end of segment.
psfgen) Info: skipping improper C-CA-N-O at end of segment.
psfgen) Info: skipping conformation CA-C-N-CA at end of segment.
psfgen) Info: skipping conformation N-CA-C-O at end of segment.
psfgen) Info: skipping conformation N-CA-C-N at end of segment.
segment complete.
psfgen) reading coordinates from pdb file proteins/protein.pdb for segment U
psfgen) Warning: failed to set coordinate for atom O	 LEU:129	  U
psfgen) Warning: failed to set coordinate for atom OXT	 LEU:129	  U
psfgen) Info: guessing coordinates for 969 atoms (2 non-hydrogen)
psfgen) Warning: failed to guess coordinate due to bad angle CB CG HG
psfgen) Warning: failed to guess coordinate due to bad angle CB CG HG
psfgen) Warning: failed to guess coordinate due to bad angle CB CG HG
psfgen) Warning: failed to guess coordinate due to bad angle CB CG HG
psfgen) Warning: failed to guess coordinate due to bad angle CB CG HG
psfgen) Warning: failed to guess coordinate due to bad angle CB CG HG
psfgen) Warning: failed to guess coordinate due to bad angle CB CG HG
psfgen) Warning: failed to guess coordinate due to bad angle CB CG HG
psfgen) Warning: poorly guessed coordinates for 8 atoms (0 non-hydrogen):
psfgen) Warning: poorly guessed coordinate for atom HG	 LEU:8	  U
psfgen) Warning: poorly guessed coordinate for atom HG	 LEU:17	  U
psfgen) Warning: poorly guessed coordinate for atom HG	 LEU:25	  U
psfgen) Warning: poorly guessed coordinate for atom HG	 LEU:56	  U
psfgen) Warning: poorly guessed coordinate for atom HG	 LEU:75	  U
psfgen) Warning: poorly guessed coordinate for atom HG	 LEU:83	  U
psfgen) Warning: poorly guessed coordinate for atom HG	 LEU:84	  U
psfgen) Warning: poorly guessed coordinate for atom HG	 LEU:129	  U
psfgen) Info: writing pdb file proteins/system.pdb
psfgen) Info: Atoms with guessed coordinates will have occupancy of 0.0.
psfgen) Info: pdb file complete.
psfgen) Info: writing psf file proteins/system.psf
psfgen) total of 1968 atoms
psfgen) total of 1988 bonds
psfgen) total of 3547 angles
psfgen) total of 5183 dihedrals
psfgen) total of 351 impropers
psfgen) total of 0 explicit exclusions
psfgen) total of 0 cross-terms
psfgen) Info: psf file complete.
Solvating the protein


Info) Using plugin psf for structure file proteins/system.psf
psfplugin) no cross-terms defined in PSF file.
Info) Analyzing structure ...
Info)    Atoms: 1968
Info)    Bonds: 1988
Info)    Angles: 3547  Dihedrals: 5183  Impropers: 351  Cross-terms: 0
Info)    Bondtypes: 0  Angletypes: 0  Dihedraltypes: 0  Impropertypes: 0
Info)    Residues: 129
Info)    Waters: 0
Info)    Segments: 1
Info)    Fragments: 1   Protein: 1   Nucleic: 0
2
Info) Using plugin pdb for coordinates from file proteins/system.pdb
Info) Finished with coordinate file proteins/system.pdb.
2
Info) Using plugin psf for structure file proteins/system.psf
psfplugin) no cross-terms defined in PSF file.
Info) Analyzing structure ...
Info)    Atoms: 1968
Info)    Bonds: 1988
Info)    Angles: 3547  Dihedrals: 5183  Impropers: 351  Cross-terms: 0
Info)    Bondtypes: 0  Angletypes: 0  Dihedraltypes: 0  Impropertypes: 0
Info)    Residues: 129
Info)    Waters: 0
Info)    Segments: 1
Info)    Fragments: 1   Protein: 1   Nucleic: 0
Info) Using plugin pdb for coordinates from file proteins/system.pdb
Info) Finished with coordinate file proteins/system.pdb.
Info) generating solute plus one replica of water...
psfgen) reading structure from psf file proteins/system.psf
psfgen) reading coordinates, insertion codes, and element symbols from pdb file proteins/system.pdb
psfgen) psf file does not contain cross-terms
psfgen) reading structure from psf file /usr/local/lib/vmd/plugins/noarch/tcl/solvate1.7/wat.psf
psfgen) reading coordinates, insertion codes, and element symbols from pdb file /usr/local/lib/vmd/plugins/noarch/tcl/solvate1.7/wat.pdb
psfgen) psf file does not contain cross-terms
psfgen) Info: writing psf file combine.psf
psfgen) total of 29751 atoms
psfgen) total of 20510 bonds
psfgen) total of 22069 angles
psfgen) total of 5183 dihedrals
psfgen) total of 351 impropers
psfgen) total of 0 explicit exclusions
psfgen) total of 0 cross-terms
psfgen) Info: psf file complete.
psfgen) Info: writing pdb file combine.pdb
psfgen) Info: pdb file complete.
Info) Using plugin psf for structure file combine.psf
psfplugin) no cross-terms defined in PSF file.
Info) Analyzing structure ...
Info)    Atoms: 29751
Info)    Bonds: 20510
Info)    Angles: 22069  Dihedrals: 5183  Impropers: 351  Cross-terms: 0
Info)    Bondtypes: 0  Angletypes: 0  Dihedraltypes: 0  Impropertypes: 0
Info)    Residues: 9390
Info)    Waters: 9261
Info)    Segments: 2
Info)    Fragments: 9262   Protein: 1   Nucleic: 0
Info) Using plugin pdb for coordinates from file combine.pdb
Info) Finished with coordinate file combine.pdb.
Info) generating water residue lists...
Info) single water residue type, creating residue list...
Info) replicating 1 water segments, 1 by 1 by 1
psfgen) reading topology file /usr/local/lib/vmd/plugins/noarch/tcl/solvate1.7/wat.top

psfgen) >>>>>> Combined CHARMM All-Hydrogen Topology File for <<<<<<<<<
psfgen) >>>>>>>>> CHARMM22 Proteins and CHARMM27 Lipids <<<<<<<<<<
psfgen) from
psfgen) >>>>>>>>CHARMM22 All-Hydrogen Topology File for Proteins <<<<<<
psfgen) >>>>>>>>>>>>>>>>>>>>> August 1999 <<<<<<<<<<<<<<<<<<<<<<<<<<<<<
psfgen) >>>>>>> Direct comments to Alexander D. MacKerell Jr. <<<<<<<<<
psfgen) >>>>>> 410-706-7442 or email: alex,mmiris.ab.umd.edu  <<<<<<<<<
psfgen) and
psfgen)   \\\\\\\ CHARMM27 All-Hydrogen Lipid Topology File ///////
psfgen)   \\\\\\\\\\\\\\\\\\ Developmental /////////////////////////
psfgen) 		Alexander D. MacKerell Jr.
psfgen) 			August 1999
psfgen)  All comments to ADM jr.  email: alex,mmiris.ab.umd.edu
psfgen) 		telephone: 410-706-7442
psfgen) 
psfgen) Created by CHARMM version 27 1
psfgen) building segment WT1
psfgen) setting patch for first residue to NONE
psfgen) setting patch for last residue to NONE
Info: generating structure...
segment complete.
psfgen) Info: writing psf file proteins/solvated.psf
psfgen) total of 10479 atoms
psfgen) total of 7662 bonds
psfgen) total of 6384 angles
psfgen) total of 5183 dihedrals
psfgen) total of 351 impropers
psfgen) total of 0 explicit exclusions
psfgen) total of 0 cross-terms
psfgen) Info: psf file complete.
psfgen) Info: writing pdb file proteins/solvated.pdb
psfgen) Info: pdb file complete.
psfgen) clearing structure, preserving topology and aliases
Info) Using plugin psf for structure file proteins/solvated.psf
psfplugin) no cross-terms defined in PSF file.
Info) Analyzing structure ...
Info)    Atoms: 10479
Info)    Bonds: 7662
Info)    Angles: 6384  Dihedrals: 5183  Impropers: 351  Cross-terms: 0
Info)    Bondtypes: 0  Angletypes: 0  Dihedraltypes: 0  Impropertypes: 0
Info)    Residues: 2966
Info)    Waters: 2837
Info)    Segments: 2
Info)    Fragments: 2838   Protein: 1   Nucleic: 0
Info) Using plugin pdb for coordinates from file proteins/solvated.pdb
Info) Finished with coordinate file proteins/solvated.pdb.
Info) Opened coordinate file proteins/solvated.pdb for writing.
Info) Finished with coordinate file proteins/solvated.pdb.
Info) Extra structure overlap safety check...
Info) Solvate completed successfully.
Solvating completed
Autoionize) Reading proteins/solvated.psf/proteins/solvated.pdb...
psfgen) clearing structure, preserving topology and aliases
psfgen) reading structure from psf file proteins/solvated.psf
psfgen) reading coordinates, insertion codes, and element symbols from pdb file proteins/solvated.pdb
psfgen) psf file does not contain cross-terms
Info) Using plugin psf for structure file proteins/solvated.psf
psfplugin) no cross-terms defined in PSF file.
Info) Analyzing structure ...
Info)    Atoms: 10479
Info)    Bonds: 7662
Info)    Angles: 6384  Dihedrals: 5183  Impropers: 351  Cross-terms: 0
Info)    Bondtypes: 0  Angletypes: 0  Dihedraltypes: 0  Impropertypes: 0
Info)    Residues: 2966
Info)    Waters: 2837
Info)    Segments: 2
Info)    Fragments: 2838   Protein: 1   Nucleic: 0
Info) Using plugin pdb for coordinates from file proteins/solvated.pdb
Info) Finished with coordinate file proteins/solvated.pdb.
Autoionize) System net charge before adding ions: 8.000001221895218e.
Autoionize) Number of ions required for neutralizing the system: 0 SOD and 8 CLA.
Autoionize) Ions to be placed:
Autoionize)   8 CLA
Autoionize) Required min distance from molecule: 5A.
Autoionize) Required min distance between ions: 5A.
Autoionize) Output file prefix 'proteins/ionized'.
Autoionize) Ions will be added to segname ION.
Autoionize) Obtained positions for 8 ions.
Autoionize) Tagged 8 water molecules for deletion.
Autoionize) Deleted 8 water molecules.
Autoionize) Reading CHARMM topology file...
psfgen) reading topology file /usr/local/lib/vmd/plugins/noarch/tcl/readcharmmtop1.2/toppar_water_ions_namd.str

psfgen)  Toplogy and parameter information for water and ions.
psfgen) 
psfgen) reading topology from stream file
psfgen)  Topology for water and ions
psfgen) 
psfgen) Created by CHARMM version 31 1
psfgen) skipping parameters in stream file
psfgen)  Parameters for water and ions
psfgen) 
psfgen) skipping parameters in stream file
psfgen)  NBFix between carboxylate and sodium
psfgen) 
psfgen) building segment ION
psfgen) setting patch for first residue to NONE
psfgen) setting patch for last residue to NONE
Info: generating structure...
segment complete.
Autoionize) Randomizing ion positions...
Autoionize) Assigning ion coordinates...
psfgen) Info: writing psf file proteins/ionized.psf
psfgen) total of 10463 atoms
psfgen) total of 7646 bonds
psfgen) total of 6376 angles
psfgen) total of 5183 dihedrals
psfgen) total of 351 impropers
psfgen) total of 0 explicit exclusions
psfgen) total of 0 cross-terms
psfgen) Info: psf file complete.
psfgen) Info: writing pdb file proteins/ionized.pdb
psfgen) Info: pdb file complete.
Autoionize) Loading new system with added ions...
Info) Using plugin psf for structure file proteins/ionized.psf
psfplugin) no cross-terms defined in PSF file.
Info) Analyzing structure ...
Info)    Atoms: 10463
Info)    Bonds: 7646
Info)    Angles: 6376  Dihedrals: 5183  Impropers: 351  Cross-terms: 0
Info)    Bondtypes: 0  Angletypes: 0  Dihedraltypes: 0  Impropertypes: 0
Info)    Residues: 2966
Info)    Waters: 2829
Info)    Segments: 3
Info)    Fragments: 2838   Protein: 1   Nucleic: 0
Info) Using plugin pdb for coordinates from file proteins/ionized.pdb
Info) Finished with coordinate file proteins/ionized.pdb.
Info) Opened coordinate file proteins/ionized.pdb for writing.
Info) Finished with coordinate file proteins/ionized.pdb.
Autoionize) System net charge after adding ions: 1.2218952178955078e-6e.
Autoionize) All done.
Info) Using plugin psf for structure file proteins/ionized.psf
psfplugin) no cross-terms defined in PSF file.
Info) Analyzing structure ...
Info)    Atoms: 10463
Info)    Bonds: 7646
Info)    Angles: 6376  Dihedrals: 5183  Impropers: 351  Cross-terms: 0
Info)    Bondtypes: 0  Angletypes: 0  Dihedraltypes: 0  Impropertypes: 0
Info)    Residues: 2966
Info)    Waters: 2829
Info)    Segments: 3
Info)    Fragments: 2838   Protein: 1   Nucleic: 0
8
Info) Using plugin pdb for coordinates from file proteins/ionized.pdb
Info) Finished with coordinate file proteins/ionized.pdb.
8
atomselect20
{-23.849000930786133 0.04399999976158142 -8.093999862670898} {25.000999450683594 43.99100112915039 46.516998291015625}
-23.849000930786133
0.04399999976158142
-8.093999862670898
25.000999450683594
43.99100112915039
46.516998291015625
0.7743726372718811 22.10334014892578 19.196044921875
0.7743726372718811
22.10334014892578
19.196044921875
log/box_measure.csv
file44
Output written to log/box_measure.csv
Info) VMD for LINUXAMD64, version 1.9.4a57 (April 27, 2022)
Info) Exiting normally.
vmd > 