Info) VMD for LINUXAMD64, version 1.9.4a57 (April 27, 2022)
Info) http://www.ks.uiuc.edu/Research/vmd/                         
Info) Email questions and bug reports to vmd@ks.uiuc.edu           
Info) Please include this reference in published work using VMD:   
Info)    Humphrey, W., Dalke, A. and Schulten, K., `VMD - Visual   
Info)    Molecular Dynamics', J. Molec. Graphics 1996, 14.1, 33-38.
Info) -------------------------------------------------------------
Info) Multithreading available, 8 CPUs.
Info)   CPU features: SSE2 SSE4.1 AVX AVX2 FMA F16 HT 
Info) Free system memory: 14GB (89%)
Info) Creating CUDA device pool and initializing hardware...
Info) Detected 1 available CUDA accelerator::
Info) [0] NVIDIA GeForce MX250  3 SM_6.1 1.6 GHz, 1.9GB RAM SP32 KT AE2 ZC
Info) Detected 1 available TachyonL/OptiX ray tracing accelerator
Info)   Compiling  OptiX shaders on 1 target GPU...
Info) Dynamically loaded 3 plugins in directory:
Info) /usr/local/lib/vmd/plugins/LINUXAMD64/molfile
proteins/ionized.psf
simulation_output/result.dcd
input psf_file: proteins/ionized.psf
input Dcd_file: simulation_output/result.dcd
Info) Using plugin psf for structure file proteins/ionized.psf
psfplugin) no cross-terms defined in PSF file.
Info) Analyzing structure ...
Info)    Atoms: 10462
Info)    Bonds: 7644
Info)    Angles: 6370  Dihedrals: 5171  Impropers: 351  Cross-terms: 0
Info)    Bondtypes: 0  Angletypes: 0  Dihedraltypes: 0  Impropertypes: 0
Info)    Residues: 2967
Info)    Waters: 2830
Info)    Segments: 3
Info)    Fragments: 2839   Protein: 1   Nucleic: 0
0
dcdplugin) detected standard 32-bit DCD file of native endianness
dcdplugin) CHARMM format DCD file (also NAMD 2.1 and later)
Info) Using plugin dcd for coordinates from file simulation_output/result.dcd
0
file45
atomselect0
129
1.4386826753616333 1.1701425313949585 1.1381323337554932 1.450238585472107 1.3052510023117065 1.33356773853302 1.275612711906433 1.1084002256393433 1.2193645238876343 1.2342859506607056 0.9650990962982178 0.9849691390991211 1.0583525896072388 1.1012927293777466 0.8472272753715515 0.8127594590187073 0.8005274534225464 0.6651586890220642 0.9377040266990662 0.8373709321022034 0.8216434717178345 1.1334679126739502 1.1368985176086426 1.249155044555664 1.2602640390396118 1.3598977327346802 1.293042778968811 1.208858847618103 1.2804962396621704 1.336720585823059 1.3428804874420166 1.2099305391311646 1.1981323957443237 1.2221214771270752 1.4733713865280151 1.136345386505127 1.11398184299469 1.1332838535308838 1.1243340969085693 1.0934464931488037 1.1793516874313354 1.1526191234588623 1.0358792543411255 1.07012939453125 1.34897780418396 1.3744544982910156 1.637108564376831 1.2791134119033813 1.2616472244262695 1.079594612121582 0.9514822959899902 0.8741790652275085 0.8885318636894226 1.1405783891677856 1.1291238069534302 0.869220495223999 0.8706854581832886 0.6865220665931702 0.616782546043396 0.6822637319564819 0.6687345504760742 0.9055452346801758 0.8337439298629761 0.9553636312484741 1.030211091041565 1.224887490272522 1.6630455255508423 1.5728440284729004 1.1383126974105835 1.4247463941574097 1.2213531732559204 1.1234921216964722 0.9902750849723816 1.2481118440628052 1.2421321868896484 1.0681712627410889 1.3186742067337036 1.3189189434051514 1.303767442703247 1.3192609548568726 1.2709362506866455 1.1654061079025269 1.1164650917053223 1.144206166267395 1.2543401718139648 1.3915681838989258 1.395443081855774 1.1938365697860718 1.1502411365509033 1.1286547183990479 0.9977163076400757 1.0780630111694336 1.081790804862976 0.9123198986053467 0.896095871925354 0.9137488007545471 0.932835042476654 0.7745900750160217 0.8130908012390137 0.8397623896598816 0.8476480841636658 1.1575757265090942 1.3649826049804688 1.2004071474075317 1.2399191856384277 1.301434874534607 1.3043066263198853 1.3598781824111938 1.6752126216888428 1.8396427631378174 1.5316495895385742 1.6466453075408936 1.7922272682189941 1.737534999847412 1.652991771697998 1.5882056951522827 1.5803139209747314 1.6350023746490479 1.558811068534851 1.1474026441574097 1.1680951118469238 1.3808231353759766 1.2875759601593018 1.3086774349212646 1.433424949645996 1.7383503913879395 1.4926111698150635 1.5391383171081543 1.3068559169769287
Info) VMD for LINUXAMD64, version 1.9.4a57 (April 27, 2022)
Info) Exiting normally.
vmd > 